{"C:\\Users\\anupa\\Desktop\\web development\\Namaste React\\src\\components\\Body.js": {"path":"C:\\Users\\anupa\\Desktop\\web development\\Namaste React\\src\\components\\Body.js","statementMap":{"0":{"start":{"line":8,"column":0},"end":{"line":8,"column":18}},"1":{"start":{"line":67,"column":13},"end":{"line":222,"column":1}},"2":{"start":{"line":71,"column":50},"end":{"line":71,"column":62}},"3":{"start":{"line":72,"column":56},"end":{"line":72,"column":68}},"4":{"start":{"line":77,"column":38},"end":{"line":77,"column":50}},"5":{"start":{"line":90,"column":33},"end":{"line":90,"column":66}},"6":{"start":{"line":95,"column":2},"end":{"line":136,"column":9}},"7":{"start":{"line":98,"column":22},"end":{"line":134,"column":5}},"8":{"start":{"line":99,"column":19},"end":{"line":101,"column":7}},"9":{"start":{"line":104,"column":19},"end":{"line":104,"column":36}},"10":{"start":{"line":116,"column":6},"end":{"line":116,"column":29}},"11":{"start":{"line":117,"column":6},"end":{"line":120,"column":8}},"12":{"start":{"line":122,"column":6},"end":{"line":127,"column":8}},"13":{"start":{"line":128,"column":6},"end":{"line":133,"column":8}},"14":{"start":{"line":135,"column":4},"end":{"line":135,"column":16}},"15":{"start":{"line":141,"column":2},"end":{"line":141,"column":35}},"16":{"start":{"line":143,"column":23},"end":{"line":143,"column":40}},"17":{"start":{"line":144,"column":2},"end":{"line":145,"column":75}},"18":{"start":{"line":145,"column":4},"end":{"line":145,"column":75}},"19":{"start":{"line":146,"column":2},"end":{"line":146,"column":33}},"20":{"start":{"line":149,"column":23},"end":{"line":155,"column":3}},"21":{"start":{"line":150,"column":21},"end":{"line":152,"column":5}},"22":{"start":{"line":151,"column":6},"end":{"line":151,"column":74}},"23":{"start":{"line":154,"column":4},"end":{"line":154,"column":37}},"24":{"start":{"line":157,"column":2},"end":{"line":221,"column":4}},"25":{"start":{"line":169,"column":14},"end":{"line":169,"column":44}},"26":{"start":{"line":171,"column":30},"end":{"line":171,"column":65}},"27":{"start":{"line":177,"column":14},"end":{"line":177,"column":29}},"28":{"start":{"line":187,"column":33},"end":{"line":189,"column":13}},"29":{"start":{"line":188,"column":23},"end":{"line":188,"column":45}},"30":{"start":{"line":192,"column":12},"end":{"line":192,"column":38}},"31":{"start":{"line":193,"column":12},"end":{"line":193,"column":49}},"32":{"start":{"line":207,"column":10},"end":{"line":217,"column":17}}},"fnMap":{"0":{"name":"(anonymous_0)","decl":{"start":{"line":67,"column":13},"end":{"line":67,"column":14}},"loc":{"start":{"line":67,"column":19},"end":{"line":222,"column":1}},"line":67},"1":{"name":"(anonymous_1)","decl":{"start":{"line":95,"column":12},"end":{"line":95,"column":13}},"loc":{"start":{"line":95,"column":18},"end":{"line":136,"column":3}},"line":95},"2":{"name":"(anonymous_2)","decl":{"start":{"line":98,"column":22},"end":{"line":98,"column":23}},"loc":{"start":{"line":98,"column":34},"end":{"line":134,"column":5}},"line":98},"3":{"name":"(anonymous_3)","decl":{"start":{"line":149,"column":23},"end":{"line":149,"column":24}},"loc":{"start":{"line":149,"column":29},"end":{"line":155,"column":3}},"line":149},"4":{"name":"(anonymous_4)","decl":{"start":{"line":150,"column":46},"end":{"line":150,"column":47}},"loc":{"start":{"line":151,"column":6},"end":{"line":151,"column":74}},"line":151},"5":{"name":"(anonymous_5)","decl":{"start":{"line":168,"column":22},"end":{"line":168,"column":23}},"loc":{"start":{"line":168,"column":29},"end":{"line":170,"column":13}},"line":168},"6":{"name":"(anonymous_6)","decl":{"start":{"line":171,"column":23},"end":{"line":171,"column":24}},"loc":{"start":{"line":171,"column":30},"end":{"line":171,"column":65}},"line":171},"7":{"name":"(anonymous_7)","decl":{"start":{"line":175,"column":21},"end":{"line":175,"column":22}},"loc":{"start":{"line":175,"column":27},"end":{"line":178,"column":13}},"line":175},"8":{"name":"(anonymous_8)","decl":{"start":{"line":186,"column":19},"end":{"line":186,"column":20}},"loc":{"start":{"line":186,"column":25},"end":{"line":196,"column":11}},"line":186},"9":{"name":"(anonymous_9)","decl":{"start":{"line":188,"column":14},"end":{"line":188,"column":15}},"loc":{"start":{"line":188,"column":23},"end":{"line":188,"column":45}},"line":188},"10":{"name":"(anonymous_10)","decl":{"start":{"line":206,"column":33},"end":{"line":206,"column":34}},"loc":{"start":{"line":207,"column":10},"end":{"line":217,"column":17}},"line":207}},"branchMap":{"0":{"loc":{"start":{"line":123,"column":8},"end":{"line":126,"column":25}},"type":"binary-expr","locations":[{"start":{"line":123,"column":8},"end":{"line":124,"column":23}},{"start":{"line":125,"column":10},"end":{"line":126,"column":25}}],"line":123},"1":{"loc":{"start":{"line":129,"column":8},"end":{"line":132,"column":25}},"type":"binary-expr","locations":[{"start":{"line":129,"column":8},"end":{"line":130,"column":23}},{"start":{"line":131,"column":10},"end":{"line":132,"column":25}}],"line":129},"2":{"loc":{"start":{"line":144,"column":2},"end":{"line":145,"column":75}},"type":"if","locations":[{"start":{"line":144,"column":2},"end":{"line":145,"column":75}},{"start":{},"end":{}}],"line":144},"3":{"loc":{"start":{"line":157,"column":9},"end":{"line":221,"column":3}},"type":"cond-expr","locations":[{"start":{"line":158,"column":4},"end":{"line":158,"column":15}},{"start":{"line":160,"column":4},"end":{"line":220,"column":10}}],"line":157},"4":{"loc":{"start":{"line":171,"column":30},"end":{"line":171,"column":65}},"type":"binary-expr","locations":[{"start":{"line":171,"column":30},"end":{"line":171,"column":47}},{"start":{"line":171,"column":51},"end":{"line":171,"column":65}}],"line":171},"5":{"loc":{"start":{"line":212,"column":13},"end":{"line":216,"column":13}},"type":"cond-expr","locations":[{"start":{"line":213,"column":14},"end":{"line":213,"column":61}},{"start":{"line":215,"column":14},"end":{"line":215,"column":53}}],"line":212}},"s":{"0":1,"1":1,"2":2,"3":2,"4":2,"5":2,"6":2,"7":1,"8":1,"9":1,"10":1,"11":1,"12":1,"13":1,"14":1,"15":2,"16":2,"17":2,"18":0,"19":2,"20":2,"21":0,"22":0,"23":0,"24":2,"25":0,"26":0,"27":0,"28":0,"29":0,"30":0,"31":0,"32":20},"f":{"0":2,"1":1,"2":1,"3":0,"4":0,"5":0,"6":0,"7":0,"8":0,"9":0,"10":20},"b":{"0":[1,0],"1":[1,0],"2":[0,2],"3":[1,1],"4":[0,0],"5":[17,3]},"_coverageSchema":"1a1c01bbd47fc00a2c39e90264f33305004495a9","hash":"0f4b47164abadd1de0fcacbb78971058418b1cdd"}
}
