{"C:\\Users\\anupa\\Desktop\\web development\\Namaste React\\src\\components\\Contact.js": {"path":"C:\\Users\\anupa\\Desktop\\web development\\Namaste React\\src\\components\\Contact.js","statementMap":{"0":{"start":{"line":3,"column":16},"end":{"line":44,"column":1}},"1":{"start":{"line":4,"column":2},"end":{"line":43,"column":4}}},"fnMap":{"0":{"name":"(anonymous_0)","decl":{"start":{"line":3,"column":16},"end":{"line":3,"column":17}},"loc":{"start":{"line":3,"column":22},"end":{"line":44,"column":1}},"line":3}},"branchMap":{},"s":{"0":1,"1":1},"f":{"0":1},"b":{},"_coverageSchema":"1a1c01bbd47fc00a2c39e90264f33305004495a9","hash":"d94689ff0b0165e79bf70e7d578ed31a1ec93add"}
,"C:\\Users\\anupa\\Desktop\\web development\\Namaste React\\src\\components\\sum.js": {"path":"C:\\Users\\anupa\\Desktop\\web development\\Namaste React\\src\\components\\sum.js","statementMap":{"0":{"start":{"line":1,"column":12},"end":{"line":3,"column":1}},"1":{"start":{"line":2,"column":2},"end":{"line":2,"column":15}}},"fnMap":{"0":{"name":"(anonymous_0)","decl":{"start":{"line":1,"column":12},"end":{"line":1,"column":13}},"loc":{"start":{"line":1,"column":28},"end":{"line":3,"column":1}},"line":1}},"branchMap":{},"s":{"0":1,"1":1},"f":{"0":1},"b":{},"_coverageSchema":"1a1c01bbd47fc00a2c39e90264f33305004495a9","hash":"174e1a477fa58161eb3f09f24990f57c5fd20925"}
}
