TN:
SF:src\components\Contact.js
FN:3,(anonymous_0)
FNF:1
FNH:1
FNDA:5,(anonymous_0)
DA:3,1
DA:4,5
LF:2
LH:2
BRF:0
BRH:0
end_of_record
TN:
SF:src\components\Header.js
FN:48,(anonymous_0)
FN:57,(anonymous_1)
FN:66,(anonymous_2)
FN:80,(anonymous_3)
FN:83,(anonymous_4)
FN:86,(anonymous_5)
FN:89,(anonymous_6)
FN:92,(anonymous_7)
FN:97,(anonymous_8)
FN:105,(anonymous_9)
FN:112,(anonymous_10)
FN:141,(anonymous_11)
FNF:12
FNH:2
FNDA:3,(anonymous_0)
FNDA:0,(anonymous_1)
FNDA:4,(anonymous_2)
FNDA:0,(anonymous_3)
FNDA:0,(anonymous_4)
FNDA:0,(anonymous_5)
FNDA:0,(anonymous_6)
FNDA:0,(anonymous_7)
FNDA:0,(anonymous_8)
FNDA:0,(anonymous_9)
FNDA:0,(anonymous_10)
FNDA:0,(anonymous_11)
DA:48,1
DA:50,3
DA:53,2
DA:56,2
DA:57,2
DA:61,2
DA:66,2
DA:68,4
DA:70,2
DA:72,2
DA:76,2
DA:80,0
DA:83,0
DA:86,0
DA:89,0
DA:92,0
DA:98,0
DA:105,0
DA:110,2
DA:114,0
DA:141,0
LF:21
LH:12
BRDA:78,0,0,2
BRDA:78,0,1,0
BRDA:98,1,0,0
BRDA:98,1,1,0
BRDA:114,2,0,0
BRDA:114,2,1,0
BRDA:200,3,0,2
BRDA:200,3,1,0
BRF:8
BRH:2
end_of_record
TN:
SF:src\components\sum.js
FN:1,(anonymous_0)
FNF:1
FNH:1
FNDA:1,(anonymous_0)
DA:1,1
DA:2,1
LF:2
LH:2
BRF:0
BRH:0
end_of_record
TN:
SF:src\utils\UserContext.js
FNF:0
FNH:0
DA:4,1
LF:1
LH:1
BRF:0
BRH:0
end_of_record
TN:
SF:src\utils\appStore.js
FNF:0
FNH:0
DA:4,1
LF:1
LH:1
BRF:0
BRH:0
end_of_record
TN:
SF:src\utils\cartSlice.js
FN:9,(anonymous_0)
FN:22,(anonymous_1)
FN:26,(anonymous_2)
FNF:3
FNH:0
FNDA:0,(anonymous_0)
FNDA:0,(anonymous_1)
FNDA:0,(anonymous_2)
DA:3,1
DA:19,0
DA:23,0
DA:27,0
DA:31,1
LF:5
LH:2
BRF:0
BRH:0
end_of_record
TN:
SF:src\utils\config.js
FNF:0
FNH:0
DA:4,1
DA:7,1
DA:9,1
LF:3
LH:3
BRF:0
BRH:0
end_of_record
TN:
SF:src\utils\useOnlineStatus.js
FN:17,(anonymous_0)
FN:21,(anonymous_1)
FN:22,(anonymous_2)
FN:25,(anonymous_3)
FNF:4
FNH:1
FNDA:2,(anonymous_0)
FNDA:0,(anonymous_1)
FNDA:0,(anonymous_2)
FNDA:0,(anonymous_3)
DA:17,1
DA:19,2
DA:21,2
DA:22,0
DA:23,0
DA:25,0
DA:26,0
DA:30,2
LF:8
LH:4
BRF:0
BRH:0
end_of_record
