TN:
SF:src\components\Body.js
FN:67,(anonymous_0)
FN:95,(anonymous_1)
FN:98,(anonymous_2)
FN:149,(anonymous_3)
FN:150,(anonymous_4)
FN:168,(anonymous_5)
FN:171,(anonymous_6)
FN:175,(anonymous_7)
FN:186,(anonymous_8)
FN:188,(anonymous_9)
FN:206,(anonymous_10)
FNF:11
FNH:4
FNDA:2,(anonymous_0)
FNDA:1,(anonymous_1)
FNDA:1,(anonymous_2)
FNDA:0,(anonymous_3)
FNDA:0,(anonymous_4)
FNDA:0,(anonymous_5)
FNDA:0,(anonymous_6)
FNDA:0,(anonymous_7)
FNDA:0,(anonymous_8)
FNDA:0,(anonymous_9)
FNDA:20,(anonymous_10)
DA:8,1
DA:67,1
DA:71,2
DA:72,2
DA:77,2
DA:90,2
DA:95,2
DA:98,1
DA:99,1
DA:104,1
DA:116,1
DA:117,1
DA:122,1
DA:128,1
DA:135,1
DA:141,2
DA:143,2
DA:144,2
DA:145,0
DA:146,2
DA:149,2
DA:150,0
DA:151,0
DA:154,0
DA:157,2
DA:169,0
DA:171,0
DA:177,0
DA:187,0
DA:188,0
DA:192,0
DA:193,0
DA:207,20
LF:33
LH:22
BRDA:123,0,0,1
BRDA:123,0,1,0
BRDA:129,1,0,1
BRDA:129,1,1,0
BRDA:144,2,0,0
BRDA:144,2,1,2
BRDA:157,3,0,1
BRDA:157,3,1,1
BRDA:171,4,0,0
BRDA:171,4,1,0
BRDA:212,5,0,17
BRDA:212,5,1,3
BRF:12
BRH:7
end_of_record
